\BOOKMARK [0][]{chapter*.2}{\376\377\000L\000i\000v\000e\000r\000o\000l\000l\000e\000s\000p\000i\000l\000\040\000i\000\040\000A\000'\000k\000a\000s\000t\000i\000n}{}% 1
\BOOKMARK [1][]{section*.3}{\376\377\000A\000r\000r\000a\000n\000g\000\370\000r\000e\000r\000n\000e}{chapter*.2}% 2
\BOOKMARK [1][]{section*.3}{\376\377\000O\000p\000f\000\370\000r\000s\000e\000l\000\040\000i\000\040\000b\000a\000k\000k\000e\000r\000n\000e}{chapter*.2}% 3
\BOOKMARK [1][]{section*.3}{\376\377\000R\000e\000t\000n\000i\000n\000g\000s\000l\000i\000n\000j\000e\000r\000\040\000f\000o\000r\000\040\000A\040\031\000k\000a\000s\000t\000i\000n\000s\000\040\000l\000i\000v\000e\000a\000r\000r\000a\000n\000g\000e\000m\000e\000n\000t\000e\000r}{chapter*.2}% 4
\BOOKMARK [0][]{chapter*.4}{\376\377\000R\000e\000g\000l\000e\000r\000\040\000f\000o\000r\000\040\000s\000p\000i\000l\000l\000e\000t}{}% 5
\BOOKMARK [1][]{section*.5}{\376\377\000T\000j\000e\000k\000\040\000i\000n\000d}{chapter*.4}% 6
\BOOKMARK [1][]{section*.5}{\376\377\000I\000n\000-\000g\000a\000m\000e}{chapter*.4}% 7
\BOOKMARK [1][]{section*.5}{\376\377\000I\000n\000-\000g\000a\000m\000e\000\040\000k\000u\000l\000i\000s\000s\000e\000r}{chapter*.4}% 8
\BOOKMARK [1][]{section*.5}{\376\377\000I\000n\000-\000g\000a\000m\000e\000\040\000v\000\346\000r\000d\000i\000e\000r}{chapter*.4}% 9
\BOOKMARK [1][]{section*.5}{\376\377\000O\000f\000f\000-\000g\000a\000m\000e}{chapter*.4}% 10
\BOOKMARK [1][]{section*.5}{\376\377\000K\000o\000m\000m\000u\000n\000i\000k\000a\000t\000i\000o\000n}{chapter*.4}% 11
\BOOKMARK [1][]{section*.5}{\376\377\000K\000a\000r\000a\000k\000t\000e\000r\000s\000k\000r\000i\000v\000n\000i\000n\000g}{chapter*.4}% 12
\BOOKMARK [2][]{section*.6}{\376\377\000K\000r\000a\000v\000\040\000v\000e\000d\000\040\000s\000p\000e\000c\000i\000a\000l\000a\000n\000s\000\370\000g\000n\000i\000n\000g}{section*.5}% 13
\BOOKMARK [1][]{section*.6}{\376\377\000U\000d\000k\000l\000\346\000d\000n\000i\000n\000g}{chapter*.4}% 14
\BOOKMARK [2][]{section*.7}{\376\377\000V\000\345\000b\000e\000n\000\040\000o\000g\000\040\000s\000i\000k\000k\000e\000r\000h\000e\000d}{section*.6}% 15
\BOOKMARK [1][]{section*.7}{\376\377\000X\000P}{chapter*.4}% 16
\BOOKMARK [1][]{section*.7}{\376\377\000N\000K\000\040\000o\000g\000\040\000s\000l\000\345\000s\000k\000a\000m\000p\000e}{chapter*.4}% 17
\BOOKMARK [1][]{section*.7}{\376\377\000L\000P\000\040\000o\000g\000\040\000R\000P}{chapter*.4}% 18
\BOOKMARK [1][]{section*.7}{\376\377\000K\000a\000m\000p}{chapter*.4}% 19
\BOOKMARK [2][]{section*.8}{\376\377\000S\000k\000a\000d\000e}{section*.7}% 20
\BOOKMARK [1][]{section*.8}{\376\377\000D\000\370\000d\000s\000r\000e\000g\000l\000e\000r}{chapter*.4}% 21
\BOOKMARK [2][]{table.0.1}{\376\377\000A\000t\000\040\000b\000e\000s\000t\000j\000\346\000l\000e\000\040\000d\000\370\000d\000e}{section*.8}% 22
\BOOKMARK [1][]{table.0.1}{\376\377\000B\000o\000n\000k}{chapter*.4}% 23
\BOOKMARK [1][]{table.0.1}{\376\377\000I\000n\000d\000s\000a\000m\000l\000i\000n\000g\000\040\000a\000f\000\040\000r\000e\000s\000s\000o\000u\000r\000c\000e\000r}{chapter*.4}% 24
\BOOKMARK [1][]{table.0.1}{\376\377\000T\000o\000r\000t\000u\000r}{chapter*.4}% 25
\BOOKMARK [1][]{table.0.1}{\376\377\000B\000u\000e\000r\000\040\000o\000g\000\040\000p\000i\000s\000t\000o\000l\000e\000r}{chapter*.4}% 26
\BOOKMARK [1][]{table.0.1}{\376\377\000L\000\345\000s\000e}{chapter*.4}% 27
\BOOKMARK [1][]{table.0.1}{\376\377\000G\000e\000n\000e\000r\000e\000l\000t\000\040\000o\000m\000\040\000M\000a\000g\000i}{chapter*.4}% 28
\BOOKMARK [1][]{table.0.1}{\376\377\000O\000f\000t\000e\000\040\000f\000o\000r\000e\000k\000o\000m\000m\000e\000n\000d\000e\000\040\000e\000f\000f\000e\000k\000t\000e\000r\000\040\000i\000\040\000s\000p\000i\000l\000l\000e\000t}{chapter*.4}% 29
\BOOKMARK [0][]{chapter*.9}{\376\377\000U\000d\000b\000r\000e\000d\000t\000e\000\040\000r\000a\000c\000e\000r\000\040\000i\000\040\000K\000a\000l\000i\000s\000h}{}% 30
\BOOKMARK [1][]{section*.10}{\376\377\000M\000e\000n\000n\000e\000s\000k\000e}{chapter*.9}% 31
\BOOKMARK [1][]{section*.10}{\376\377\000D\000v\000\346\000r\000g\000e}{chapter*.9}% 32
\BOOKMARK [1][]{section*.10}{\376\377\000H\000a\000l\000v\000l\000a\000n\000g}{chapter*.9}% 33
\BOOKMARK [1][]{section*.10}{\376\377\000E\000l\000v\000e\000r}{chapter*.9}% 34
\BOOKMARK [1][]{figure.caption.11}{\376\377\000G\000r\000\370\000n\000h\000u\000d\000e\000r}{chapter*.9}% 35
\BOOKMARK [0][]{chapter*.12}{\376\377\000P\000r\000o\000f\000e\000s\000s\000i\000o\000n\000e\000r}{}% 36
\BOOKMARK [1][]{section*.13}{\376\377\000G\000e\000n\000e\000r\000e\000l\000t}{chapter*.12}% 37
\BOOKMARK [1][]{table.caption.15}{\376\377\000E\000r\000f\000a\000r\000i\000n\000g\000s\000p\000o\000i\000n\000t}{chapter*.12}% 38
\BOOKMARK [2][]{section*.16}{\376\377\000A\000t\000\040\000f\000\345\000\040\000n\000y\000e\000\040\000e\000v\000n\000e\000r}{table.caption.15}% 39
\BOOKMARK [1][]{section*.16}{\376\377\000G\000e\000n\000e\000r\000e\000l\000t\000\040\000o\000m\000\040\000e\000v\000n\000e\000r}{chapter*.12}% 40
\BOOKMARK [1][]{section*.16}{\376\377\000M\000u\000l\000t\000i\000c\000l\000a\000s\000s\000i\000n\000g}{chapter*.12}% 41
\BOOKMARK [2][]{section*.17}{\376\377\000B\000e\000g\000r\000\346\000n\000s\000n\000i\000n\000g\000e\000r\000\040\000p\000\345\000\040\000p\000r\000o\000f\000e\000s\000s\000i\000o\000n\000e\000r}{section*.16}% 42
\BOOKMARK [2][]{section*.17}{\376\377\000X\000P\000\040\000P\000r\000i\000s}{section*.16}% 43
\BOOKMARK [0][]{chapter*.18}{\376\377\000E\000f\000t\000e\000r\000s\000k\000r\000i\000f\000t}{}% 44
